<?xml version="1.0" encoding="UTF-8"?>
<testsuite xmlns:xsi="http://www.w3.org/2001/XMLSchema-instance" xsi:noNamespaceSchemaLocation="https://maven.apache.org/surefire/maven-surefire-plugin/xsd/surefire-test-report.xsd" version="3.0.2" name="com.wellbeing_waitlist.wellbeing_waitlist.WellbeingWaitlistApplicationTests" time="3.674" tests="1" errors="0" skipped="0" failures="0">
  <properties>
[...]
</properties>
  <testcase name="contextLoads" classname="com.wellbeing_waitlist.wellbeing_waitlist.WellbeingWaitlistApplicationTests" time="0.381">
    <system-out><![CDATA[23:41:29.779 [main] INFO org.springframework.test.context.support.AnnotationConfigContextLoaderUtils -- Could not detect default configuration classes for test class [com.wellbeing_waitlist.wellbeing_waitlist.WellbeingWaitlistApplicationTests]: WellbeingWaitlistApplicationTests does not declare any static, non-private, non-final, nested classes annotated with @Configuration.
23:41:29.876 [main] INFO org.springframework.boot.test.context.SpringBootTestContextBootstrapper -- Found @SpringBootConfiguration com.wellbeing_waitlist.WellbeingWaitlistApplication for test class com.wellbeing_waitlist.wellbeing_waitlist.WellbeingWaitlistApplicationTests
23:41:29.999 [main] INFO org.springframework.boot.devtools.restart.RestartApplicationListener -- Restart disabled due to context in which it is running

  .   ____          _            __ _ _
 /\\ / ___'_ __ _ _(_)_ __  __ _ \ \ \ \
( ( )\___ | '_ | '_| | '_ \/ _` | \ \ \ \
 \\/  ___)| |_)| | | | | || (_| |  ) ) ) )
  '  |____| .__|_| |_|_| |_\__, | / / / /
 =========|_|==============|___/=/_/_/_/

 :: Spring Boot ::                (v3.4.5)

2025-05-12T23:41:30.250+05:30  INFO 14088 --- [wellbeing_waitlist] [           main] c.w.w.WellbeingWaitlistApplicationTests  : Starting WellbeingWaitlistApplicationTests using Java 24.0.1 with PID 14088 (started by theya in E:\Git-Hub\SpringBoot-React\backend)
2025-05-12T23:41:30.252+05:30  INFO 14088 --- [wellbeing_waitlist] [           main] c.w.w.WellbeingWaitlistApplicationTests  : No active profile set, falling back to 1 default profile: "default"
2025-05-12T23:41:30.605+05:30  INFO 14088 --- [wellbeing_waitlist] [           main] .s.d.r.c.RepositoryConfigurationDelegate : Bootstrapping Spring Data JPA repositories in DEFAULT mode.
2025-05-12T23:41:30.645+05:30  INFO 14088 --- [wellbeing_waitlist] [           main] .s.d.r.c.RepositoryConfigurationDelegate : Finished Spring Data repository scanning in 33 ms. Found 1 JPA repository interface.
2025-05-12T23:41:31.126+05:30  INFO 14088 --- [wellbeing_waitlist] [           main] o.hibernate.jpa.internal.util.LogHelper  : HHH000204: Processing PersistenceUnitInfo [name: default]
2025-05-12T23:41:31.171+05:30  INFO 14088 --- [wellbeing_waitlist] [           main] org.hibernate.Version                    : HHH000412: Hibernate ORM core version 6.6.13.Final
2025-05-12T23:41:31.199+05:30  INFO 14088 --- [wellbeing_waitlist] [           main] o.h.c.internal.RegionFactoryInitiator    : HHH000026: Second-level cache disabled
2025-05-12T23:41:31.471+05:30  INFO 14088 --- [wellbeing_waitlist] [           main] o.s.o.j.p.SpringPersistenceUnitInfo      : No LoadTimeWeaver setup: ignoring JPA class transformer
2025-05-12T23:41:31.502+05:30  INFO 14088 --- [wellbeing_waitlist] [           main] com.zaxxer.hikari.HikariDataSource       : HikariPool-1 - Starting...
2025-05-12T23:41:31.641+05:30  INFO 14088 --- [wellbeing_waitlist] [           main] com.zaxxer.hikari.pool.HikariPool        : HikariPool-1 - Added connection com.mysql.cj.jdbc.ConnectionImpl@7996d0d4
2025-05-12T23:41:31.643+05:30  INFO 14088 --- [wellbeing_waitlist] [           main] com.zaxxer.hikari.HikariDataSource       : HikariPool-1 - Start completed.
2025-05-12T23:41:31.705+05:30  INFO 14088 --- [wellbeing_waitlist] [           main] org.hibernate.orm.connections.pooling    : HHH10001005: Database info:
	Database JDBC URL [Connecting through datasource 'HikariDataSource (HikariPool-1)']
	Database driver: undefined/unknown
	Database version: 8.0.42
	Autocommit mode: undefined/unknown
	Isolation level: undefined/unknown
	Minimum pool size: undefined/unknown
	Maximum pool size: undefined/unknown
2025-05-12T23:41:32.216+05:30  INFO 14088 --- [wellbeing_waitlist] [           main] o.h.e.t.j.p.i.JtaPlatformInitiator       : HHH000489: No JTA platform available (set 'hibernate.transaction.jta.platform' to enable JTA platform integration)
2025-05-12T23:41:32.247+05:30  INFO 14088 --- [wellbeing_waitlist] [           main] j.LocalContainerEntityManagerFactoryBean : Initialized JPA EntityManagerFactory for persistence unit 'default'
2025-05-12T23:41:32.596+05:30  WARN 14088 --- [wellbeing_waitlist] [           main] JpaBaseConfiguration$JpaWebConfiguration : spring.jpa.open-in-view is enabled by default. Therefore, database queries may be performed during view rendering. Explicitly configure spring.jpa.open-in-view to disable this warning
2025-05-12T23:41:32.886+05:30  INFO 14088 --- [wellbeing_waitlist] [           main] c.w.w.WellbeingWaitlistApplicationTests  : Started WellbeingWaitlistApplicationTests in 2.897 seconds (process running for 3.816)
Preloading Python model...
Script path: E:\Git-Hub\SpringBoot-React\backend\src\main\resources\scripts\EmergencyLevel.py
Script exists: true
Python output: Traceback (most recent call last):
Python output:   File "E:\Git-Hub\SpringBoot-React\backend\src\main\resources\scripts\EmergencyLevel.py", line 7, in <module>
Python output:     from transformers import pipeline
Python output: ModuleNotFoundError: No module named 'transformers'
]]></system-out>
    <system-err><![CDATA[Python model preload failed with exit code: 1
Mockito is currently self-attaching to enable the inline-mock-maker. This will no longer work in future releases of the JDK. Please add Mockito as an agent to your build what is described in Mockito's documentation: https://javadoc.io/doc/org.mockito/mockito-core/latest/org/mockito/Mockito.html#0.3
WARNING: A Java agent has been loaded dynamically (C:\Users\theya\.m2\repository\net\bytebuddy\byte-buddy-agent\1.15.11\byte-buddy-agent-1.15.11.jar)
WARNING: If a serviceability tool is in use, please run with -XX:+EnableDynamicAgentLoading to hide this warning
WARNING: If a serviceability tool is not in use, please run with -Djdk.instrument.traceUsage for more information
WARNING: Dynamic loading of agents will be disallowed by default in a future release
]]></system-err>
  </testcase>
</testsuite>